<?xml version="1.0" encoding="UTF-8"?>
<!-- Generated by org.testng.reporters.JUnitReportReporter -->
<testsuite skipped="0" hostname="DESKTOP-Q1UIHP7" name="testscripts.Pom_concept" tests="1" failures="0" timestamp="3 Aug 2021 08:05:58 GMT" time="31.015" errors="0">
  <testcase name="hello" time="31.015" classname="testscripts.Pom_concept"/>
</testsuite> <!-- testscripts.Pom_concept -->
