<?xml version="1.0" encoding="UTF-8"?>
<!-- Generated by org.testng.reporters.JUnitReportReporter -->
<testsuite skipped="0" hostname="DESKTOP-Q1UIHP7" name="Testtng.Dependancy" tests="3" failures="0" timestamp="21 Jul 2021 17:56:29 GMT" time="0.019" errors="0">
  <testcase name="trash" time="0.003" classname="Testtng.Dependancy"/>
  <testcase name="sentitems" time="0.003" classname="Testtng.Dependancy"/>
  <testcase name="compose" time="0.013" classname="Testtng.Dependancy"/>
</testsuite> <!-- Testtng.Dependancy -->
