<?xml version="1.0" encoding="UTF-8"?>
<!-- Generated by org.testng.reporters.JUnitReportReporter -->
<testsuite skipped="0" hostname="DESKTOP-Q1UIHP7" name="Testtng.Test1" tests="2" failures="0" timestamp="21 Jul 2021 17:30:21 GMT" time="0.021" errors="0">
  <testcase name="test1" time="0.007" classname="Testtng.Test1"/>
  <testcase name="test2" time="0.014" classname="Testtng.Test1"/>
</testsuite> <!-- Testtng.Test1 -->
