<?xml version="1.0" encoding="UTF-8"?>
<!-- Generated by org.testng.reporters.JUnitReportReporter -->
<testsuite skipped="0" hostname="DESKTOP-Q1UIHP7" name="Testtng.Testngg" tests="2" failures="0" timestamp="20 Jul 2021 16:53:11 GMT" time="0.016" errors="0">
  <testcase name="test2" time="0.016" classname="Testtng.Testngg"/>
  <testcase name="test3" time="0.000" classname="Testtng.Testngg"/>
</testsuite> <!-- Testtng.Testngg -->
