<?xml version="1.0" encoding="UTF-8"?>
<!-- Generated by org.testng.reporters.JUnitReportReporter -->
<testsuite skipped="0" hostname="DESKTOP-Q1UIHP7" name="Testtng.Multitimes" tests="4" failures="0" timestamp="21 Jul 2021 17:33:22 GMT" time="0.040" errors="0">
  <testcase name="test1" time="0.004" classname="Testtng.Multitimes"/>
  <testcase name="test1" time="0.005" classname="Testtng.Multitimes"/>
  <testcase name="test1" time="0.010" classname="Testtng.Multitimes"/>
  <testcase name="test2" time="0.021" classname="Testtng.Multitimes"/>
</testsuite> <!-- Testtng.Multitimes -->
