<?xml version="1.0" encoding="UTF-8"?>
<!-- Generated by org.testng.reporters.JUnitReportReporter -->
<testsuite skipped="0" hostname="DESKTOP-Q1UIHP7" name="Testtng.Skipscript" tests="1" failures="0" timestamp="21 Jul 2021 17:36:11 GMT" time="0.019" errors="0">
  <testcase name="test2" time="0.019" classname="Testtng.Skipscript"/>
</testsuite> <!-- Testtng.Skipscript -->
